<?xml version="1.0" encoding="UTF-8"?>
<testng-results skipped="0" failed="0" ignored="0" total="1" passed="1">
  <reporter-output>
  </reporter-output>
  <suite name="Default suite" duration-ms="22644" started-at="2017-07-25T04:47:09Z" finished-at="2017-07-25T04:47:32Z">
    <groups>
    </groups>
    <test name="Default test" duration-ms="22644" started-at="2017-07-25T04:47:09Z" finished-at="2017-07-25T04:47:32Z">
      <class name="com.company.testcase.HomeTestCase">
        <test-method status="PASS" signature="invokeBrowser()[pri:0, instance:com.company.testcase.HomeTestCase@39c0f4a]" name="invokeBrowser" is-config="true" duration-ms="20261" started-at="2017-07-25T00:47:09Z" finished-at="2017-07-25T00:47:29Z">
          <reporter-output>
          </reporter-output>
        </test-method> <!-- invokeBrowser -->
        <test-method status="PASS" signature="homeTestCase()[pri:0, instance:com.company.testcase.HomeTestCase@39c0f4a]" name="homeTestCase" duration-ms="2121" started-at="2017-07-25T00:47:29Z" finished-at="2017-07-25T00:47:31Z">
          <reporter-output>
          </reporter-output>
        </test-method> <!-- homeTestCase -->
        <test-method status="PASS" signature="closeBrowser()[pri:0, instance:com.company.testcase.HomeTestCase@39c0f4a]" name="closeBrowser" is-config="true" duration-ms="82" started-at="2017-07-25T00:47:31Z" finished-at="2017-07-25T00:47:32Z">
          <reporter-output>
          </reporter-output>
        </test-method> <!-- closeBrowser -->
      </class> <!-- com.company.testcase.HomeTestCase -->
    </test> <!-- Default test -->
  </suite> <!-- Default suite -->
</testng-results>
